build/intermediates/manifest_merge_blame_file/debug/manifest-merger-blame-debug-report.txt
1<?xml version="1.0" encoding="utf-8"?>
2<manifest xmlns:android="http://schemas.android.com/apk/res/android"
3    package="com.example.cookit"
4    android:versionCode="1"
5    android:versionName="1.0" >
6
7    <uses-sdk
8        android:minSdkVersion="24"
8-->src\main\AndroidManifest.xml
9        android:targetSdkVersion="32" />
9-->src\main\AndroidManifest.xml
10
11    <uses-permission android:name="android.permission.INTERNET" />
11-->src\main\AndroidManifest.xml:5:5-67
11-->src\main\AndroidManifest.xml:5:22-64
12
13    <application
13-->src\main\AndroidManifest.xml:6:5-47:19
14        android:allowBackup="true"
14-->src\main\AndroidManifest.xml:8:9-35
15        android:appComponentFactory="androidx.core.app.CoreComponentFactory"
15-->[androidx.core:core:1.8.0] AndroidManifest.xml:24:18-86
16        android:dataExtractionRules="@xml/data_extraction_rules"
16-->src\main\AndroidManifest.xml:9:9-65
17        android:debuggable="true"
18        android:extractNativeLibs="false"
19        android:fullBackupContent="@xml/backup_rules"
19-->src\main\AndroidManifest.xml:10:9-54
20        android:icon="@mipmap/ic_launcher"
20-->src\main\AndroidManifest.xml:11:9-43
21        android:label="@string/app_name"
21-->src\main\AndroidManifest.xml:12:9-41
22        android:roundIcon="@mipmap/ic_launcher_round"
22-->src\main\AndroidManifest.xml:13:9-54
23        android:supportsRtl="true"
23-->src\main\AndroidManifest.xml:14:9-35
24        android:testOnly="true"
25        android:theme="@style/Theme.Cookit"
25-->src\main\AndroidManifest.xml:15:9-44
26        android:usesCleartextTraffic="true" >
26-->src\main\AndroidManifest.xml:7:9-44
27        <activity
27-->src\main\AndroidManifest.xml:17:9-23:20
28            android:name="com.example.cookit.RecipeList"
28-->src\main\AndroidManifest.xml:18:13-39
29            android:exported="false" >
29-->src\main\AndroidManifest.xml:19:13-37
30            <meta-data
30-->src\main\AndroidManifest.xml:20:13-22:36
31                android:name="android.app.lib_name"
31-->src\main\AndroidManifest.xml:21:17-52
32                android:value="" />
32-->src\main\AndroidManifest.xml:22:17-33
33        </activity>
34        <activity
34-->src\main\AndroidManifest.xml:24:9-37:20
35            android:name="com.example.cookit.Splash"
35-->src\main\AndroidManifest.xml:25:13-35
36            android:exported="true" >
36-->src\main\AndroidManifest.xml:26:13-36
37            <meta-data
37-->src\main\AndroidManifest.xml:20:13-22:36
38                android:name="android.app.lib_name"
38-->src\main\AndroidManifest.xml:21:17-52
39                android:value="" />
39-->src\main\AndroidManifest.xml:22:17-33
40
41            <intent-filter>
41-->src\main\AndroidManifest.xml:31:13-35:29
42                <action android:name="android.intent.action.MAIN" />
42-->src\main\AndroidManifest.xml:32:17-69
42-->src\main\AndroidManifest.xml:32:25-66
43
44                <category android:name="android.intent.category.LAUNCHER" />
44-->src\main\AndroidManifest.xml:34:17-77
44-->src\main\AndroidManifest.xml:34:27-74
45            </intent-filter>
46        </activity>
47        <activity
47-->src\main\AndroidManifest.xml:38:9-46:20
48            android:name="com.example.cookit.Home"
48-->src\main\AndroidManifest.xml:39:13-33
49            android:exported="true" >
49-->src\main\AndroidManifest.xml:40:13-36
50            <meta-data
50-->src\main\AndroidManifest.xml:20:13-22:36
51                android:name="android.app.lib_name"
51-->src\main\AndroidManifest.xml:21:17-52
52                android:value="" />
52-->src\main\AndroidManifest.xml:22:17-33
53        </activity>
54
55        <provider
55-->[androidx.emoji2:emoji2:1.2.0] AndroidManifest.xml:24:9-32:20
56            android:name="androidx.startup.InitializationProvider"
56-->[androidx.emoji2:emoji2:1.2.0] AndroidManifest.xml:25:13-67
57            android:authorities="com.example.cookit.androidx-startup"
57-->[androidx.emoji2:emoji2:1.2.0] AndroidManifest.xml:26:13-68
58            android:exported="false" >
58-->[androidx.emoji2:emoji2:1.2.0] AndroidManifest.xml:27:13-37
59            <meta-data
59-->[androidx.emoji2:emoji2:1.2.0] AndroidManifest.xml:29:13-31:52
60                android:name="androidx.emoji2.text.EmojiCompatInitializer"
60-->[androidx.emoji2:emoji2:1.2.0] AndroidManifest.xml:30:17-75
61                android:value="androidx.startup" />
61-->[androidx.emoji2:emoji2:1.2.0] AndroidManifest.xml:31:17-49
62            <meta-data
62-->[androidx.lifecycle:lifecycle-process:2.4.1] AndroidManifest.xml:31:13-33:52
63                android:name="androidx.lifecycle.ProcessLifecycleInitializer"
63-->[androidx.lifecycle:lifecycle-process:2.4.1] AndroidManifest.xml:32:17-78
64                android:value="androidx.startup" />
64-->[androidx.lifecycle:lifecycle-process:2.4.1] AndroidManifest.xml:33:17-49
65        </provider>
66    </application>
67
68</manifest>